[Tue Feb 24 08:31:46 AM EST 2026] Updating status...
status.json
/mnt/chromeos/MyFiles/Downloads/SHARE/core/mission-control/system-status.json
Changes detected. Committing and pushing...
[main 1b07c57] Update status: Tue Feb 24 08:32:11 AM EST 2026
 2 files changed, 3 insertions(+), 2 deletions(-)
To https://github.com/augmentedthinker/mission-control.git
   0869bae..1b07c57  main -> main
Sleeping for 60 seconds...
[Tue Feb 24 08:33:13 AM EST 2026] Updating status...
status.json
/mnt/chromeos/MyFiles/Downloads/SHARE/core/mission-control/system-status.json
Changes detected. Committing and pushing...
[main a402826] Update status: Tue Feb 24 08:33:44 AM EST 2026
 2 files changed, 2 insertions(+), 1 deletion(-)
To https://github.com/augmentedthinker/mission-control.git
   1b07c57..a402826  main -> main
Sleeping for 60 seconds...
[Tue Feb 24 08:34:46 AM EST 2026] Updating status...
status.json
/mnt/chromeos/MyFiles/Downloads/SHARE/core/mission-control/system-status.json
Changes detected. Committing and pushing...
[main 7c7edee] Update status: Tue Feb 24 08:35:15 AM EST 2026
 2 files changed, 2 insertions(+), 1 deletion(-)
To https://github.com/augmentedthinker/mission-control.git
   a402826..7c7edee  main -> main
Sleeping for 60 seconds...
[Tue Feb 24 08:36:16 AM EST 2026] Updating status...
status.json
/mnt/chromeos/MyFiles/Downloads/SHARE/core/mission-control/system-status.json
Changes detected. Committing and pushing...
[main b8f7f71] Update status: Tue Feb 24 08:36:40 AM EST 2026
 2 files changed, 3 insertions(+), 2 deletions(-)
To https://github.com/augmentedthinker/mission-control.git
   7c7edee..b8f7f71  main -> main
Sleeping for 60 seconds...
[Tue Feb 24 08:37:41 AM EST 2026] Updating status...
status.json
/mnt/chromeos/MyFiles/Downloads/SHARE/core/mission-control/system-status.json
Changes detected. Committing and pushing...
[main 2439d26] Update status: Tue Feb 24 08:38:04 AM EST 2026
 2 files changed, 2 insertions(+), 1 deletion(-)
To https://github.com/augmentedthinker/mission-control.git
   b8f7f71..2439d26  main -> main
Sleeping for 60 seconds...
[Tue Feb 24 08:39:06 AM EST 2026] Updating status...
status.json
/mnt/chromeos/MyFiles/Downloads/SHARE/core/mission-control/system-status.json
Changes detected. Committing and pushing...
[main 7daeb48] Update status: Tue Feb 24 08:39:31 AM EST 2026
 2 files changed, 2 insertions(+), 1 deletion(-)
To https://github.com/augmentedthinker/mission-control.git
   2439d26..7daeb48  main -> main
Sleeping for 60 seconds...
[Tue Feb 24 08:40:32 AM EST 2026] Updating status...
status.json
/mnt/chromeos/MyFiles/Downloads/SHARE/core/mission-control/system-status.json
Changes detected. Committing and pushing...
[main 409aa9b] Update status: Tue Feb 24 08:41:00 AM EST 2026
 2 files changed, 2 insertions(+), 1 deletion(-)
To https://github.com/augmentedthinker/mission-control.git
   7daeb48..409aa9b  main -> main
Sleeping for 60 seconds...
[Tue Feb 24 08:42:02 AM EST 2026] Updating status...
status.json
/mnt/chromeos/MyFiles/Downloads/SHARE/core/mission-control/system-status.json
Changes detected. Committing and pushing...
[main 6e08271] Update status: Tue Feb 24 08:42:25 AM EST 2026
 2 files changed, 2 insertions(+), 1 deletion(-)
To https://github.com/augmentedthinker/mission-control.git
   409aa9b..6e08271  main -> main
Sleeping for 60 seconds...
[Tue Feb 24 08:43:27 AM EST 2026] Updating status...
status.json
/mnt/chromeos/MyFiles/Downloads/SHARE/core/mission-control/system-status.json
Changes detected. Committing and pushing...
[main 15db305] Update status: Tue Feb 24 08:43:50 AM EST 2026
 2 files changed, 2 insertions(+), 1 deletion(-)
To https://github.com/augmentedthinker/mission-control.git
   6e08271..15db305  main -> main
Sleeping for 60 seconds...
[Tue Feb 24 08:44:52 AM EST 2026] Updating status...
status.json
/mnt/chromeos/MyFiles/Downloads/SHARE/core/mission-control/system-status.json
Changes detected. Committing and pushing...
[main be1483d] Update status: Tue Feb 24 08:45:16 AM EST 2026
 2 files changed, 2 insertions(+), 1 deletion(-)
To https://github.com/augmentedthinker/mission-control.git
   15db305..be1483d  main -> main
Sleeping for 60 seconds...
[Tue Feb 24 08:46:17 AM EST 2026] Updating status...
status.json
/mnt/chromeos/MyFiles/Downloads/SHARE/core/mission-control/system-status.json
Changes detected. Committing and pushing...
[main d4f83ef] Update status: Tue Feb 24 08:46:41 AM EST 2026
 2 files changed, 2 insertions(+), 1 deletion(-)
To https://github.com/augmentedthinker/mission-control.git
   be1483d..d4f83ef  main -> main
Sleeping for 60 seconds...
[Tue Feb 24 08:47:42 AM EST 2026] Updating status...
status.json
/mnt/chromeos/MyFiles/Downloads/SHARE/core/mission-control/system-status.json
Changes detected. Committing and pushing...
[main 97ce4de] Update status: Tue Feb 24 08:48:05 AM EST 2026
 2 files changed, 2 insertions(+), 1 deletion(-)
To https://github.com/augmentedthinker/mission-control.git
   d4f83ef..97ce4de  main -> main
Sleeping for 60 seconds...
[Tue Feb 24 08:49:07 AM EST 2026] Updating status...
status.json
/mnt/chromeos/MyFiles/Downloads/SHARE/core/mission-control/system-status.json
Changes detected. Committing and pushing...
[main 7799cdc] Update status: Tue Feb 24 08:49:30 AM EST 2026
 2 files changed, 2 insertions(+), 1 deletion(-)
To https://github.com/augmentedthinker/mission-control.git
   97ce4de..7799cdc  main -> main
Sleeping for 60 seconds...
[Tue Feb 24 08:50:31 AM EST 2026] Updating status...
status.json
/mnt/chromeos/MyFiles/Downloads/SHARE/core/mission-control/system-status.json
Changes detected. Committing and pushing...
[main 854bfbc] Update status: Tue Feb 24 08:50:57 AM EST 2026
 2 files changed, 4 insertions(+), 3 deletions(-)
To https://github.com/augmentedthinker/mission-control.git
   7799cdc..854bfbc  main -> main
Sleeping for 60 seconds...
[Tue Feb 24 08:51:59 AM EST 2026] Updating status...
status.json
/mnt/chromeos/MyFiles/Downloads/SHARE/core/mission-control/system-status.json
Changes detected. Committing and pushing...
[main dbaab44] Update status: Tue Feb 24 08:52:22 AM EST 2026
 2 files changed, 2 insertions(+), 1 deletion(-)
To https://github.com/augmentedthinker/mission-control.git
   854bfbc..dbaab44  main -> main
Sleeping for 60 seconds...
[Tue Feb 24 08:53:23 AM EST 2026] Updating status...
status.json
/mnt/chromeos/MyFiles/Downloads/SHARE/core/mission-control/system-status.json
Changes detected. Committing and pushing...
[main 579e80f] Update status: Tue Feb 24 08:53:47 AM EST 2026
 2 files changed, 2 insertions(+), 1 deletion(-)
To https://github.com/augmentedthinker/mission-control.git
   dbaab44..579e80f  main -> main
Sleeping for 60 seconds...
[Tue Feb 24 08:54:49 AM EST 2026] Updating status...
status.json
/mnt/chromeos/MyFiles/Downloads/SHARE/core/mission-control/system-status.json
Changes detected. Committing and pushing...
[main 1ac3e23] Update status: Tue Feb 24 08:55:15 AM EST 2026
 2 files changed, 2 insertions(+), 1 deletion(-)
To https://github.com/augmentedthinker/mission-control.git
   579e80f..1ac3e23  main -> main
Sleeping for 60 seconds...
[Tue Feb 24 08:56:16 AM EST 2026] Updating status...
status.json
/mnt/chromeos/MyFiles/Downloads/SHARE/core/mission-control/system-status.json
Changes detected. Committing and pushing...
[main 2430518] Update status: Tue Feb 24 08:56:40 AM EST 2026
 2 files changed, 3 insertions(+), 2 deletions(-)
To https://github.com/augmentedthinker/mission-control.git
   1ac3e23..2430518  main -> main
Sleeping for 60 seconds...
[Tue Feb 24 08:57:42 AM EST 2026] Updating status...
status.json
/mnt/chromeos/MyFiles/Downloads/SHARE/core/mission-control/system-status.json
Changes detected. Committing and pushing...
[main ed49f1c] Update status: Tue Feb 24 08:58:05 AM EST 2026
 2 files changed, 4 insertions(+), 3 deletions(-)
To https://github.com/augmentedthinker/mission-control.git
   2430518..ed49f1c  main -> main
Sleeping for 60 seconds...
[Tue Feb 24 08:59:07 AM EST 2026] Updating status...
status.json
/mnt/chromeos/MyFiles/Downloads/SHARE/core/mission-control/system-status.json
Changes detected. Committing and pushing...
[main ab8ff46] Update status: Tue Feb 24 08:59:40 AM EST 2026
 2 files changed, 2 insertions(+), 1 deletion(-)
fatal: unable to access 'https://github.com/augmentedthinker/mission-control.git/': Could not resolve host: github.com
